2026-02-10 08:46:26.149 INFO  [main] org.slkxy.Writer - Welcome to the Auto Push.
2026-02-10 08:46:26.224 INFO  [main] org.slkxy.Writer - EXEC====== [git, version]
2026-02-10 08:46:26.439 INFO  [main] org.slkxy.Writer - ========== git version 2.52.0.windows.1
2026-02-10 08:46:26.573 INFO  [main] org.slkxy.Writer - EXEC====== [gh, auth, status]
2026-02-10 08:46:28.474 INFO  [main] org.slkxy.Writer - ========== github.com
2026-02-10 08:46:28.495 INFO  [main] org.slkxy.Writer - ==========   âœ? Logged in to github.com account slkxyo (keyring)
2026-02-10 08:46:28.524 INFO  [main] org.slkxy.Writer - ==========   - Active account: true
2026-02-10 08:46:28.548 INFO  [main] org.slkxy.Writer - ==========   - Git operations protocol: ssh
2026-02-10 08:46:28.578 INFO  [main] org.slkxy.Writer - ==========   - Token: gho_************************************
2026-02-10 08:46:28.603 INFO  [main] org.slkxy.Writer - ==========   - Token scopes: 'gist', 'read:org', 'repo'
2026-02-10 08:46:28.633 INFO  [main] org.slkxy.Writer - Git and Github CLI is ready.
2026-02-10 08:46:28.671 INFO  [main] org.slkxy.Writer - EXEC====== [git, status]
2026-02-10 08:46:28.955 INFO  [main] org.slkxy.Writer - ========== On branch main
2026-02-10 08:46:28.985 INFO  [main] org.slkxy.Writer - ========== Your branch is up to date with 'origin/main'.
2026-02-10 08:46:29.008 INFO  [main] org.slkxy.Writer - ========== 
2026-02-10 08:46:29.035 INFO  [main] org.slkxy.Writer - ========== Changes not staged for commit:
2026-02-10 08:46:29.064 INFO  [main] org.slkxy.Writer - ==========   (use "git add <file>..." to update what will be committed)
2026-02-10 08:46:29.086 INFO  [main] org.slkxy.Writer - ==========   (use "git restore <file>..." to discard changes in working directory)
2026-02-10 08:46:29.110 INFO  [main] org.slkxy.Writer - ========== 	modified:   auto_push_logs/app.log
2026-02-10 08:46:29.136 INFO  [main] org.slkxy.Writer - ========== 
2026-02-10 08:46:29.159 INFO  [main] org.slkxy.Writer - ========== no changes added to commit (use "git add" and/or "git commit -a")
2026-02-10 08:46:29.202 INFO  [main] org.slkxy.Writer - EXEC====== [git, remote]
2026-02-10 08:46:29.278 INFO  [main] org.slkxy.Writer - ========== origin
2026-02-10 08:46:29.313 INFO  [main] org.slkxy.Writer - EXEC====== [git, pull]
2026-02-10 08:46:34.484 INFO  [main] org.slkxy.Writer - ========== From github.com:slkxyo/Recite
2026-02-10 08:46:34.507 INFO  [main] org.slkxy.Writer - ==========    8183b81..ead4af6  main       -> origin/main
